<?xml version="1.0" encoding="UTF-8"?>
<beans xmlns="http://www.springframework.org/schema/beans"
	xmlns:amq="http://activemq.apache.org/schema/core" xmlns:xsi="http://www.w3.org/2001/XMLSchema-instance"
	xmlns:tx="http://www.springframework.org/schema/tx" xmlns:p="http://www.springframework.org/schema/p"
	xmlns:util="http://www.springframework.org/schema/util"
	xsi:schemaLocation="http://www.springframework.org/schema/beans 
						http://www.springframework.org/schema/beans/spring-beans-2.5.xsd
						http://www.springframework.org/schema/tx
      					http://www.springframework.org/schema/tx/spring-tx.xsd
      					http://www.springframework.org/schema/util 
      					http://www.springframework.org/schema/util/spring-util-2.5.xsd">


	<util:list id="clasesAnotadas">
		<value>es.capgemini.pfs.despachoExterno.model.DespachoExterno</value>	
	</util:list>
	
	
	<bean id="admDespachoExternoDao"
		class="es.capgemini.pfs.admin.despachosExternos.dao.impl.ADMDespachoExternoDaoImpl">
		<property name="sessionFactory" ref="sessionFactory" />
	</bean>
</beans>
